<?xml version="1.0" encoding="UTF-8"?>
<!-- Generated by org.testng.reporters.JUnitXMLReporter -->
<testsuite hostname="rajesh-PC" name="paralltestchrome" tests="1" failures="1" timestamp="10 Oct 2018 21:55:31 GMT" time="0.399" errors="0">
  <testcase name="testlogin" time="0.023" classname="exe.testexe">
    <failure type="java.lang.NullPointerException">
      <![CDATA[java.lang.NullPointerException
	at exe.testexe.testlogin(testexe.java:11)
	at java.util.concurrent.FutureTask.run(Unknown Source)
	at java.util.concurrent.ThreadPoolExecutor.runWorker(Unknown Source)
	at java.util.concurrent.ThreadPoolExecutor$Worker.run(Unknown Source)
	at java.lang.Thread.run(Unknown Source)
... Removed 16 stack frames]]>
    </failure>
  </testcase> <!-- testlogin -->
</testsuite> <!-- paralltestchrome -->
