<?xml version="1.0" encoding="UTF-8"?>
<testng-results skipped="0" failed="0" total="1" passed="1">
  <reporter-output>
    <line>
      <![CDATA[ChromeDriver: chrome on XP (7bcb8d0cab8b4e5db8186375c1591df9)]]>
    </line>
  </reporter-output>
  <suite name="Suite" duration-ms="104636" started-at="2018-10-10T22:02:01Z" finished-at="2018-10-10T22:03:45Z">
    <groups>
    </groups>
    <test name="Test" duration-ms="104636" started-at="2018-10-10T22:02:01Z" finished-at="2018-10-10T22:03:45Z">
      <class name="exe.Testbase">
        <test-method status="PASS" signature="test()[pri:0, instance:exe.Testbase@1ef45e3]" name="test" duration-ms="104212" started-at="2018-10-11T03:32:01Z" finished-at="2018-10-11T03:33:45Z">
          <reporter-output>
            <line>
              <![CDATA[ChromeDriver: chrome on XP (7bcb8d0cab8b4e5db8186375c1591df9)]]>
            </line>
          </reporter-output>
        </test-method> <!-- test -->
      </class> <!-- exe.Testbase -->
    </test> <!-- Test -->
  </suite> <!-- Suite -->
</testng-results>
